<?xml version="1.0" encoding="UTF-8"?>
<testng-results ignored="0" total="1" passed="1" failed="0" skipped="0">
  <reporter-output>
  </reporter-output>
  <suite started-at="2022-04-09T12:19:06 IST" name="Suite" finished-at="2022-04-09T12:19:17 IST" duration-ms="10726">
    <groups>
    </groups>
    <test started-at="2022-04-09T12:19:06 IST" name="Test" finished-at="2022-04-09T12:19:17 IST" duration-ms="10726">
      <class name="JenkinsDemo.JenkinsDemo.OpenUrl">
        <test-method signature="OpenDriverDemo()[pri:0, instance:JenkinsDemo.JenkinsDemo.OpenUrl@6150c3ec]" started-at="2022-04-09T12:19:06 IST" name="OpenDriverDemo" finished-at="2022-04-09T12:19:17 IST" duration-ms="10682" status="PASS">
          <reporter-output>
          </reporter-output>
        </test-method> <!-- OpenDriverDemo -->
      </class> <!-- JenkinsDemo.JenkinsDemo.OpenUrl -->
    </test> <!-- Test -->
  </suite> <!-- Suite -->
</testng-results>
