<?xml version="1.0" encoding="UTF-8"?>
<testng-results ignored="0" total="1" passed="1" failed="0" skipped="0">
  <reporter-output>
  </reporter-output>
  <suite started-at="2022-04-09T12:17:15 IST" name="Suite" finished-at="2022-04-09T12:17:26 IST" duration-ms="10933">
    <groups>
    </groups>
    <test started-at="2022-04-09T12:17:15 IST" name="Test" finished-at="2022-04-09T12:17:26 IST" duration-ms="10933">
      <class name="JenkinsDemo.JenkinsDemo.OpenUrl">
        <test-method signature="OpenDriverDemo()[pri:0, instance:JenkinsDemo.JenkinsDemo.OpenUrl@3246fb96]" started-at="2022-04-09T12:17:15 IST" name="OpenDriverDemo" finished-at="2022-04-09T12:17:26 IST" duration-ms="10872" status="PASS">
          <reporter-output>
          </reporter-output>
        </test-method> <!-- OpenDriverDemo -->
      </class> <!-- JenkinsDemo.JenkinsDemo.OpenUrl -->
    </test> <!-- Test -->
  </suite> <!-- Suite -->
</testng-results>
